2024-06-12 00:50:26 AM: INFO: ...........Started Test_003_AddCustomer..................
2024-06-12 00:50:26 AM: INFO: ..........Starting Test_002_Data_Driven_Test_Login............
2024-06-12 00:50:26 AM: INFO: ....................Opening URL...........................................
2024-06-12 00:50:26 AM: INFO: ...............Test_001_Login.....................
2024-06-12 00:50:26 AM: INFO: ...............Home Page Title Page Test is started..................
2024-06-12 00:50:26 AM: INFO: ....................Opening URL...........................................
2024-06-12 00:50:26 AM: INFO: .......Started Login Test..........
2024-06-12 00:50:29 AM: INFO: ..........Home Page Title Test Passed............
2024-06-12 00:50:31 AM: INFO: ............Login Successful.............
2024-06-12 00:50:31 AM: INFO: ............Starting Add Customer Test................
2024-06-12 00:50:33 AM: INFO: ......Login Test Passed........
2024-06-12 00:50:36 AM: INFO: ..............Passed.............
2024-06-12 00:50:40 AM: INFO: .........Providing Customer Information.................
2024-06-12 00:50:45 AM: INFO: ............Passed................
2024-06-12 00:50:50 AM: INFO: ............Passed................
2024-06-12 00:50:51 AM: INFO: .................Saving Customer Information..................
2024-06-12 00:50:51 AM: INFO: ...............Add Customer Validation is Started here.....................
2024-06-12 00:50:52 AM: INFO: .....Add Customer Test Passed.....
2024-06-12 00:50:52 AM: INFO: ...........Add Customer Test Ends Up Here...............
2024-06-12 00:50:56 AM: INFO: ............Passed................
2024-06-12 00:50:56 AM: INFO: ...........Data Driven Login Test Passed............
2024-06-12 00:50:57 AM: INFO: ..............End of Data Driven Login Test........................
2024-06-12 00:50:57 AM: INFO: ..............Test_002_Data_Driven_Test_Login Finished..........................
2024-06-12 01:03:36 AM: INFO: ..........Starting Test_002_Data_Driven_Test_Login............
2024-06-12 01:03:36 AM: INFO: ....................Opening URL...........................................
2024-06-12 01:03:36 AM: INFO: .......Started Login Test..........
2024-06-12 01:03:36 AM: INFO: ...........Started Test_003_AddCustomer..................
2024-06-12 01:03:36 AM: INFO: ...............Test_001_Login.....................
2024-06-12 01:03:36 AM: INFO: ...............Home Page Title Page Test is started..................
2024-06-12 01:03:36 AM: INFO: ....................Opening URL...........................................
2024-06-12 01:03:39 AM: INFO: ..........Home Page Title Test Passed............
2024-06-12 01:03:41 AM: INFO: ............Login Successful.............
2024-06-12 01:03:41 AM: INFO: ............Starting Add Customer Test................
2024-06-12 01:03:42 AM: INFO: ......Login Test Passed........
2024-06-12 01:03:46 AM: INFO: ..............Passed.............
2024-06-12 01:03:50 AM: INFO: .........Providing Customer Information.................
2024-06-12 01:03:53 AM: INFO: ............Passed................
2024-06-12 01:03:59 AM: INFO: ............Passed................
2024-06-12 01:04:01 AM: INFO: .................Saving Customer Information..................
2024-06-12 01:04:01 AM: INFO: ...............Add Customer Validation is Started here.....................
2024-06-12 01:04:02 AM: INFO: .....Add Customer Test Passed.....
2024-06-12 01:04:02 AM: INFO: ...........Add Customer Test Ends Up Here...............
2024-06-12 01:04:05 AM: INFO: ............Passed................
2024-06-12 01:04:05 AM: INFO: ...........Data Driven Login Test Passed............
2024-06-12 01:04:05 AM: INFO: ..............End of Data Driven Login Test........................
2024-06-12 01:04:05 AM: INFO: ..............Test_002_Data_Driven_Test_Login Finished..........................
2024-06-12 01:06:19 AM: INFO: ..........Starting Test_002_Data_Driven_Test_Login............
2024-06-12 01:06:19 AM: INFO: ....................Opening URL...........................................
2024-06-12 01:06:19 AM: INFO: ...............Test_001_Login.....................
2024-06-12 01:06:19 AM: INFO: ...............Home Page Title Page Test is started..................
2024-06-12 01:06:19 AM: INFO: ....................Opening URL...........................................
2024-06-12 01:06:19 AM: INFO: ...........Started Test_003_AddCustomer..................
2024-06-12 01:06:19 AM: INFO: .......Started Login Test..........
2024-06-12 01:06:24 AM: INFO: ............Login Successful.............
2024-06-12 01:06:24 AM: INFO: ............Starting Add Customer Test................
2024-06-12 01:06:26 AM: INFO: ......Login Test Passed........
2024-06-12 01:06:28 AM: INFO: ..............Passed.............
2024-06-12 01:06:32 AM: INFO: .........Providing Customer Information.................
2024-06-12 01:06:36 AM: INFO: ............Passed................
2024-06-12 01:06:42 AM: INFO: ............Passed................
2024-06-12 01:06:44 AM: INFO: .................Saving Customer Information..................
2024-06-12 01:06:44 AM: INFO: ...............Add Customer Validation is Started here.....................
2024-06-12 01:06:44 AM: INFO: .....Add Customer Test Passed.....
2024-06-12 01:06:44 AM: INFO: ...........Add Customer Test Ends Up Here...............
2024-06-12 01:06:48 AM: INFO: ............Passed................
2024-06-12 01:06:48 AM: INFO: ...........Data Driven Login Test Passed............
2024-06-12 01:06:48 AM: INFO: ..............End of Data Driven Login Test........................
2024-06-12 01:06:48 AM: INFO: ..............Test_002_Data_Driven_Test_Login Finished..........................
2024-06-12 01:07:32 AM: INFO: ...........Started Test_003_AddCustomer..................
2024-06-12 01:07:32 AM: INFO: ...............Test_001_Login.....................
2024-06-12 01:07:32 AM: INFO: ...............Home Page Title Page Test is started..................
2024-06-12 01:07:32 AM: INFO: ....................Opening URL...........................................
2024-06-12 01:07:32 AM: INFO: .......Started Login Test..........
2024-06-12 01:07:32 AM: INFO: ..........Starting Test_002_Data_Driven_Test_Login............
2024-06-12 01:07:32 AM: INFO: ....................Opening URL...........................................
2024-06-12 01:07:34 AM: INFO: ..........Home Page Title Test Passed............
2024-06-12 01:07:36 AM: INFO: ............Login Successful.............
2024-06-12 01:07:36 AM: INFO: ............Starting Add Customer Test................
2024-06-12 01:07:37 AM: INFO: ......Login Test Passed........
2024-06-12 01:07:41 AM: INFO: ..............Passed.............
2024-06-12 01:07:45 AM: INFO: .........Providing Customer Information.................
2024-06-12 01:07:49 AM: INFO: ............Passed................
2024-06-12 01:07:55 AM: INFO: ............Passed................
2024-06-12 01:07:56 AM: INFO: .................Saving Customer Information..................
2024-06-12 01:07:56 AM: INFO: ...............Add Customer Validation is Started here.....................
2024-06-12 01:07:57 AM: INFO: .....Add Customer Test Passed.....
2024-06-12 01:07:57 AM: INFO: ...........Add Customer Test Ends Up Here...............
2024-06-12 01:08:00 AM: INFO: ............Passed................
2024-06-12 01:08:00 AM: INFO: ...........Data Driven Login Test Passed............
2024-06-12 01:08:01 AM: INFO: ..............End of Data Driven Login Test........................
2024-06-12 01:08:01 AM: INFO: ..............Test_002_Data_Driven_Test_Login Finished..........................
2024-06-12 01:12:30 AM: INFO: ..........Starting Test_002_Data_Driven_Test_Login............
2024-06-12 01:12:30 AM: INFO: ....................Opening URL...........................................
2024-06-12 01:12:31 AM: INFO: ...........Started Test_003_AddCustomer..................
2024-06-12 01:12:31 AM: INFO: .......Started Login Test..........
2024-06-12 01:12:31 AM: INFO: ...............Test_001_Login.....................
2024-06-12 01:12:31 AM: INFO: ...............Home Page Title Page Test is started..................
2024-06-12 01:12:31 AM: INFO: ....................Opening URL...........................................
2024-06-12 01:12:34 AM: INFO: ..........Home Page Title Test Passed............
2024-06-12 01:12:35 AM: INFO: ............Login Successful.............
2024-06-12 01:12:35 AM: INFO: ............Starting Add Customer Test................
2024-06-12 01:12:37 AM: INFO: ......Login Test Passed........
2024-06-12 01:12:39 AM: INFO: ..............Passed.............
2024-06-12 01:12:43 AM: INFO: .........Providing Customer Information.................
2024-06-12 01:12:47 AM: INFO: ............Passed................
2024-06-12 01:12:53 AM: INFO: ............Passed................
2024-06-12 01:12:55 AM: INFO: .................Saving Customer Information..................
2024-06-12 01:12:55 AM: INFO: ...............Add Customer Validation is Started here.....................
2024-06-12 01:12:55 AM: INFO: .....Add Customer Test Passed.....
2024-06-12 01:12:56 AM: INFO: ...........Add Customer Test Ends Up Here...............
2024-06-12 01:12:59 AM: INFO: ............Passed................
2024-06-12 01:12:59 AM: INFO: ...........Data Driven Login Test Passed............
2024-06-12 01:12:59 AM: INFO: ..............End of Data Driven Login Test........................
2024-06-12 01:12:59 AM: INFO: ..............Test_002_Data_Driven_Test_Login Finished..........................
2024-06-12 02:14:15 AM: INFO: ...............Test_001_Login.....................
2024-06-12 02:14:15 AM: INFO: ...............Home Page Title Page Test is started..................
2024-06-12 02:14:15 AM: INFO: ....................Opening URL...........................................
2024-06-12 02:14:18 AM: INFO: ..........Home Page Title Test Passed............
2024-06-12 02:14:20 AM: INFO: .......Started Login Test..........
2024-06-12 02:14:27 AM: INFO: ......Login Test Passed........
2024-06-12 09:39:46 AM: INFO: ...........Started Test_003_AddCustomer..................
2024-06-12 09:39:49 AM: INFO: ............Login Successful.............
2024-06-12 09:39:49 AM: INFO: ............Starting Add Customer Test................
2024-06-12 09:39:58 AM: INFO: .........Providing Customer Information.................
2024-06-12 09:40:08 AM: INFO: .................Saving Customer Information..................
2024-06-12 09:40:08 AM: INFO: ...............Add Customer Validation is Started here.....................
2024-06-12 09:40:09 AM: INFO: .....Add Customer Test Passed.....
2024-06-12 09:40:09 AM: INFO: ...........Add Customer Test Ends Up Here...............
2024-06-12 09:51:09 AM: INFO: Started Test_003_AddCustomer at: 2024-06-12 09:51:09
2024-06-12 09:51:13 AM: INFO: Login Successful at: 2024-06-12 09:51:13
2024-06-12 09:51:13 AM: INFO: Starting Add Customer Test at: 2024-06-12 09:51:13
2024-06-12 09:51:21 AM: INFO: Providing Customer Information
2024-06-12 09:51:31 AM: INFO: Saving Customer Information:2024-06-12 09:51:31
2024-06-12 09:51:31 AM: INFO: Add Customer Validation is Started here:2024-06-12 09:51:31
2024-06-12 09:51:31 AM: INFO: .....Add Customer Test Passed.....
2024-06-12 09:51:31 AM: INFO: Add Customer Test Ends Up Here at: 2024-06-12 09:51:31
2024-06-12 23:52:16 PM: INFO: Started Test_003_AddCustomer at: 2024-06-12 23:52:16
2024-06-12 23:52:20 PM: INFO: Login Successful at: 2024-06-12 23:52:20
2024-06-12 23:52:20 PM: INFO: Starting Add Customer Test at: 2024-06-12 23:52:20
2024-06-12 23:52:28 PM: INFO: Providing Customer Information
2024-06-12 23:52:40 PM: INFO: Saving Customer Information:2024-06-12 23:52:40
2024-06-12 23:52:40 PM: INFO: Add Customer Validation is Started here:2024-06-12 23:52:40
2024-06-12 23:52:41 PM: INFO: Add Customer Test Passed
2024-06-12 23:52:41 PM: INFO: Add Customer Test Ends Up Here at: 2024-06-12 23:52:41
2024-06-12 23:55:01 PM: INFO: Started Test_003_AddCustomer at: 2024-06-12 23:55:01
2024-06-12 23:55:06 PM: INFO: Login Successful at: 2024-06-12 23:55:06
2024-06-12 23:55:06 PM: INFO: Starting Add Customer Test at: 2024-06-12 23:55:06
2024-06-12 23:55:14 PM: INFO: Providing Customer Information
2024-06-12 23:55:25 PM: INFO: Saving Customer Information:2024-06-12 23:55:25
2024-06-12 23:55:25 PM: INFO: Add Customer Validation is Started here:2024-06-12 23:55:25
2024-06-12 23:55:26 PM: INFO: Add Customer Test Passed
2024-06-12 23:55:26 PM: INFO: Add Customer Test Ends Up Here at: 2024-06-12 23:55:26
2024-06-13 00:44:16 AM: INFO: ============Test Case Started=============
2024-06-13 01:16:30 AM: INFO: ============Test Case Started=============
2024-06-13 01:16:32 AM: INFO: Started Test_003_AddCustomer at: 13-06-2024 01:16:32
2024-06-13 01:16:43 AM: INFO: Providing Customer Information
2024-06-13 01:16:54 AM: INFO: Saving Customer Information:13-06-2024 01:16:54
2024-06-13 01:16:54 AM: INFO: Add Customer Validation is Started here:13-06-2024 01:16:54
2024-06-13 01:16:55 AM: INFO: Add Customer Test Passed
2024-06-13 01:16:55 AM: INFO: Add Customer Test Ends Up Here at: 13-06-2024 01:16:55
2024-06-13 01:16:55 AM: INFO: ==============All Tests are finished===============
2024-06-13 01:16:55 AM: INFO: ============Test Case Finished==============
2024-06-13 01:33:21 AM: INFO: ============Test Case Started=============
2024-06-13 01:33:24 AM: INFO: Started Test_003_AddCustomer at: 13-06-2024 01:33:24
2024-06-13 01:33:34 AM: INFO: Providing Customer Information
2024-06-13 01:33:45 AM: INFO: Saving Customer Information:13-06-2024 01:33:45
2024-06-13 01:33:45 AM: INFO: Add Customer Validation is Started here:13-06-2024 01:33:45
2024-06-13 01:33:46 AM: INFO: Add Customer Test Passed
2024-06-13 01:33:46 AM: INFO: Add Customer Test Ends Up Here at: 13-06-2024 01:33:46
2024-06-13 01:33:46 AM: INFO: ==============All Tests are finished===============
2024-06-13 01:33:46 AM: INFO: ============Test Case Finished==============
2024-06-13 01:35:04 AM: INFO: ============Test Case Started=============
2024-06-13 01:35:06 AM: INFO: Started Test_003_AddCustomer at: 13-06-2024 01:35:06
2024-06-13 01:35:18 AM: INFO: Providing Customer Information
2024-06-13 01:35:29 AM: INFO: Saving Customer Information:13-06-2024 01:35:29
2024-06-13 01:35:29 AM: INFO: Add Customer Validation is Started here:13-06-2024 01:35:29
2024-06-13 01:35:30 AM: INFO: Add Customer Test Passed
2024-06-13 01:35:30 AM: INFO: Add Customer Test Ends Up Here at: 13-06-2024 01:35:30
2024-06-13 01:35:30 AM: INFO: ==============All Tests are finished===============
2024-06-13 01:35:30 AM: INFO: ============Test Case Finished==============
2024-06-13 01:45:12 AM: INFO: ============Test Case Started=============
2024-06-13 01:45:14 AM: INFO: Test_001_Login
2024-06-13 01:45:14 AM: INFO: Home Page Title Page Test is started
2024-06-13 01:45:14 AM: INFO: Opening URL
2024-06-13 01:45:16 AM: INFO: Home Page Title Test Passed
2024-06-13 01:45:17 AM: INFO: ============Test Case Started=============
2024-06-13 01:45:18 AM: INFO: Started Login Test
2024-06-13 01:45:24 AM: INFO: Login Test Passed
2024-06-13 01:45:24 AM: INFO: ==============All Tests are finished===============
2024-06-13 01:45:24 AM: INFO: ============Test Case Finished==============
2024-06-13 01:47:17 AM: INFO: ============Test Case Started=============
2024-06-13 01:47:19 AM: INFO: Test_001_Login
2024-06-13 01:47:19 AM: INFO: Home Page Title Page Test is started
2024-06-13 01:47:19 AM: INFO: Opening URL
2024-06-13 01:47:22 AM: INFO: Home Page Title Test Passed
2024-06-13 01:47:22 AM: INFO: ============Test Case Started=============
2024-06-13 01:47:24 AM: INFO: Started Login Test
2024-06-13 01:47:30 AM: INFO: Login Test Passed
2024-06-13 01:47:30 AM: INFO: ==============All Tests are finished===============
2024-06-13 01:47:30 AM: INFO: ============Test Case Finished==============
2024-06-13 01:53:24 AM: INFO: ============Test Case Started=============
2024-06-13 01:53:26 AM: INFO: Test_001_Login
2024-06-13 01:53:26 AM: INFO: Home Page Title Page Test is started
2024-06-13 01:53:26 AM: INFO: Opening URL
2024-06-13 01:53:28 AM: INFO: Home Page Title Test Passed
2024-06-13 01:53:28 AM: INFO: ============Test Case Started=============
2024-06-13 01:53:30 AM: INFO: Started Login Test
2024-06-13 01:53:36 AM: INFO: Login Test Passed
2024-06-13 01:53:36 AM: INFO: ==============All Tests are finished===============
2024-06-13 01:58:33 AM: INFO: ============Test Case Started=============
2024-06-13 01:58:38 AM: INFO: ============Test Case Started=============
2024-06-13 01:58:41 AM: INFO: ==============All Tests are finished===============
2024-06-13 02:02:14 AM: INFO: ============Test Case Started=============
2024-06-13 02:02:18 AM: INFO: ============Test Case Started=============
2024-06-13 02:02:22 AM: INFO: ==============All Tests are finished===============
2024-06-13 02:33:02 AM: INFO: ============Test Case Started=============
2024-06-13 02:33:07 AM: INFO: ============Test Case Started=============
2024-06-13 02:33:11 AM: INFO: ==============All Tests are finished===============
2024-06-13 02:33:32 AM: INFO: ============Test Case Started=============
2024-06-13 02:33:36 AM: INFO: ============Test Case Started=============
2024-06-13 02:33:40 AM: INFO: ==============All Tests are finished===============
2024-06-13 02:36:06 AM: INFO: ============Test Case Started=============
2024-06-13 02:36:10 AM: INFO: ============Test Case Started=============
2024-06-13 09:13:44 AM: INFO: ============Test Case Started=============
2024-06-13 09:47:11 AM: INFO: ============Test Case Started=============
2024-06-13 09:47:12 AM: INFO: Started Test_003_AddCustomer at: 13-06-2024 09:47:12
2024-06-13 09:47:22 AM: INFO: Providing Customer Information
2024-06-13 09:47:32 AM: INFO: Saving Customer Information:13-06-2024 09:47:32
2024-06-13 09:47:32 AM: INFO: Add Customer Validation is Started here:13-06-2024 09:47:32
2024-06-13 09:47:32 AM: INFO: Add Customer Test Passed
2024-06-13 09:47:33 AM: INFO: Add Customer Test Ends Up Here at: 13-06-2024 09:47:33
2024-06-13 09:47:45 AM: INFO: ============Test Case Started=============
2024-06-13 09:47:46 AM: INFO: Test_001_Login
2024-06-13 09:47:46 AM: INFO: Home Page Title Page Test is started
2024-06-13 09:47:46 AM: INFO: Opening URL
2024-06-13 09:47:48 AM: INFO: Home Page Title Test Passed
2024-06-13 09:47:48 AM: INFO: ============Test Case Started=============
2024-06-13 09:47:49 AM: INFO: Started Login Test
2024-06-13 09:47:54 AM: INFO: Login Test Passed
2024-06-13 09:51:15 AM: INFO: ============Test Case Started=============
2024-06-13 09:51:17 AM: INFO: Test_001_Login
2024-06-13 09:51:17 AM: INFO: Home Page Title Page Test is started
2024-06-13 09:51:17 AM: INFO: Opening URL
2024-06-13 09:51:18 AM: INFO: Home Page Title Test Passed
2024-06-13 09:51:18 AM: INFO: ============Test Case Started=============
2024-06-13 09:51:20 AM: INFO: Started Login Test
2024-06-13 09:51:28 AM: INFO: Login Test Passed
2024-06-13 09:51:28 AM: INFO: ==============All Tests are finished===============
2024-06-13 09:58:39 AM: INFO: ============Test Case Started=============
2024-06-13 09:58:40 AM: INFO: Test_001_Login
2024-06-13 09:58:40 AM: INFO: Home Page Title Page Test is started
2024-06-13 09:58:40 AM: INFO: Opening URL
2024-06-13 09:58:42 AM: INFO: Home Page Title Test Passed
2024-06-13 09:58:42 AM: INFO: ============Test Case Started=============
2024-06-13 09:58:43 AM: INFO: Started Login Test
2024-06-13 09:58:50 AM: INFO: Login Test Passed
2024-06-13 09:58:50 AM: INFO: ==============All Tests are finished===============
2024-06-13 09:58:50 AM: INFO: ============Test Case Finished==============
2024-06-13 10:12:39 AM: INFO: ============Test Case Started=============
2024-06-13 10:12:40 AM: INFO: Test_001_Login
2024-06-13 10:12:40 AM: INFO: Home Page Title Page Test is started
2024-06-13 10:12:40 AM: INFO: Opening URL
2024-06-13 10:12:43 AM: INFO: Home Page Title Test Passed
2024-06-13 10:12:43 AM: INFO: ============Test Case Started=============
2024-06-13 10:12:44 AM: INFO: Started Login Test
2024-06-13 10:12:49 AM: INFO: Login Test Passed
2024-08-12 15:24:51 PM: INFO: ============Test Case Started=============
2024-08-12 15:24:53 PM: INFO: Started Test_003_AddCustomer at: 12-08-2024 15:24:53
2024-08-12 15:24:57 PM: INFO: ============Test Case Started=============
2024-08-12 15:24:59 PM: INFO: Test_001_Login
2024-08-12 15:24:59 PM: INFO: Home Page Title Page Test is started
2024-08-12 15:24:59 PM: INFO: Opening URL
2024-08-12 15:24:59 PM: ERROR: Home Page Title Test Failed
2024-08-12 15:25:00 PM: INFO: ============Test Case Started=============
2024-08-12 15:25:01 PM: INFO: Started Login Test
2024-08-12 15:29:58 PM: INFO: ============Test Case Started=============
2024-08-12 15:30:00 PM: INFO: Started Test_003_AddCustomer at: 12-08-2024 15:30:00
2024-08-12 15:30:14 PM: INFO: ============Test Case Started=============
2024-08-12 15:30:16 PM: INFO: Test_001_Login
2024-08-12 15:30:16 PM: INFO: Home Page Title Page Test is started
2024-08-12 15:30:16 PM: INFO: Opening URL
2024-08-12 15:30:17 PM: ERROR: Home Page Title Test Failed
2024-08-12 15:30:17 PM: INFO: ============Test Case Started=============
2024-08-12 15:30:19 PM: INFO: Started Login Test
2024-08-12 15:36:05 PM: INFO: ============Test Case Started=============
2024-08-12 15:36:06 PM: INFO: Started Test_003_AddCustomer at: 12-08-2024 15:36:06
2024-08-12 15:36:11 PM: INFO: ============Test Case Started=============
2024-08-12 15:36:13 PM: INFO: Test_001_Login
2024-08-12 15:36:13 PM: INFO: Home Page Title Page Test is started
2024-08-12 15:36:13 PM: INFO: Opening URL
2024-08-12 15:36:17 PM: ERROR: Home Page Title Test Failed
2024-08-12 15:36:18 PM: INFO: ============Test Case Started=============
2024-08-12 15:36:19 PM: INFO: Started Login Test
2024-08-12 15:45:53 PM: INFO: ============Test Case Started=============
2024-08-12 15:45:57 PM: INFO: ============Test Case Started=============
2024-08-12 15:46:00 PM: INFO: ============Test Case Started=============
2024-08-12 15:47:20 PM: INFO: ============Test Case Started=============
2024-08-12 15:47:23 PM: INFO: ============Test Case Started=============
2024-08-12 15:47:27 PM: INFO: ============Test Case Started=============
2024-08-12 15:47:56 PM: INFO: ============Test Case Started=============
2024-08-12 15:47:58 PM: INFO: Started Test_003_AddCustomer at: 12-08-2024 15:47:58
2024-08-12 15:48:00 PM: INFO: ============Test Case Started=============
2024-08-12 15:48:02 PM: INFO: Test_001_Login
2024-08-12 15:48:02 PM: INFO: Home Page Title Page Test is started
2024-08-12 15:48:02 PM: INFO: Opening URL
2024-08-12 15:48:05 PM: ERROR: Home Page Title Test Failed
2024-08-12 15:48:05 PM: INFO: ============Test Case Started=============
2024-08-12 15:48:07 PM: INFO: Started Login Test
2024-08-12 15:49:03 PM: INFO: ============Test Case Started=============
2024-08-12 15:49:05 PM: INFO: Started Test_003_AddCustomer at: 12-08-2024 15:49:05
2024-08-12 15:49:08 PM: INFO: ============Test Case Started=============
2024-08-12 15:49:10 PM: INFO: Test_001_Login
2024-08-12 15:49:10 PM: INFO: Home Page Title Page Test is started
2024-08-12 15:49:10 PM: INFO: Opening URL
2024-08-12 15:49:14 PM: ERROR: Home Page Title Test Failed
2024-08-12 15:49:14 PM: INFO: ============Test Case Started=============
2024-08-12 15:49:16 PM: INFO: Started Login Test
2024-08-12 15:53:11 PM: INFO: ============Test Case Started=============
2024-08-12 15:53:13 PM: INFO: Started Test_003_AddCustomer at: 12-08-2024 15:53:13
2024-08-12 15:53:15 PM: INFO: ============Test Case Started=============
2024-08-12 15:53:17 PM: INFO: Test_001_Login
2024-08-12 15:53:17 PM: INFO: Home Page Title Page Test is started
2024-08-12 15:53:17 PM: INFO: Opening URL
2024-08-12 15:53:21 PM: ERROR: Home Page Title Test Failed
2024-08-12 15:53:21 PM: INFO: ============Test Case Started=============
2024-08-12 15:53:23 PM: INFO: Started Login Test
2024-09-20 23:29:52 PM: INFO: ============Test Case Started=============
2024-09-20 23:29:57 PM: INFO: Started Test_003_AddCustomer at: 20-09-2024 23:29:57
2024-09-20 23:30:33 PM: INFO: ============Test Case Started=============
2024-09-20 23:30:34 PM: INFO: Test_001_Login
2024-09-20 23:30:34 PM: INFO: Home Page Title Page Test is started
2024-09-20 23:30:34 PM: INFO: Opening URL
2024-09-20 23:30:35 PM: ERROR: Home Page Title Test Failed
2024-09-20 23:30:36 PM: INFO: ============Test Case Started=============
2024-09-20 23:30:38 PM: INFO: Started Login Test
2024-09-20 23:31:44 PM: INFO: ============Test Case Started=============
2024-09-20 23:31:46 PM: INFO: Started Test_003_AddCustomer at: 20-09-2024 23:31:46
2024-09-20 23:43:15 PM: INFO: ============Test Case Started=============
2024-09-20 23:43:17 PM: INFO: Started Test_003_AddCustomer at: 20-09-2024 23:43:17
2024-09-20 23:44:44 PM: INFO: ============Test Case Started=============
2024-09-20 23:44:45 PM: INFO: Started Test_003_AddCustomer at: 20-09-2024 23:44:45
2024-09-20 23:45:48 PM: INFO: ============Test Case Started=============
2024-09-20 23:45:50 PM: INFO: Started Test_003_AddCustomer at: 20-09-2024 23:45:50
2024-09-20 23:47:05 PM: INFO: ============Test Case Started=============
2024-09-20 23:47:07 PM: INFO: Started Test_003_AddCustomer at: 20-09-2024 23:47:07
2024-09-20 23:49:42 PM: INFO: ============Test Case Started=============
2024-09-20 23:49:44 PM: INFO: Started Test_003_AddCustomer at: 20-09-2024 23:49:44
2024-09-20 23:54:52 PM: INFO: ============Test Case Started=============
2024-09-20 23:54:54 PM: INFO: Started Test_003_AddCustomer at: 20-09-2024 23:54:54
2024-09-21 00:01:03 AM: INFO: ============Test Case Started=============
2024-09-21 00:01:05 AM: INFO: Started Test_003_AddCustomer at: 21-09-2024 00:01:05
2024-09-21 00:08:57 AM: INFO: ============Test Case Started=============
2024-09-21 00:14:11 AM: INFO: ============Test Case Started=============
2024-09-21 00:14:14 AM: INFO: Started Test_003_AddCustomer at: 21-09-2024 00:14:14
2024-09-21 00:15:15 AM: INFO: ============Test Case Started=============
2024-09-21 00:15:17 AM: INFO: Started Test_003_AddCustomer at: 21-09-2024 00:15:17
2024-09-21 00:27:34 AM: INFO: ============Test Case Started=============
2024-09-21 00:27:36 AM: INFO: Started Test_003_AddCustomer at: 21-09-2024 00:27:36
2024-09-21 00:29:38 AM: INFO: ============Test Case Started=============
2024-09-21 00:29:38 AM: INFO: Started Test_003_AddCustomer at: 21-09-2024 00:29:38
2024-09-21 00:34:16 AM: INFO: ============Test Case Started=============
2024-09-21 00:34:16 AM: INFO: Started Test_003_AddCustomer at: 21-09-2024 00:34:16
2024-09-21 00:35:24 AM: INFO: ============Test Case Started=============
2024-09-21 00:35:30 AM: INFO: Started Test_003_AddCustomer at: 21-09-2024 00:35:30
2024-09-21 00:36:35 AM: INFO: ============Test Case Started=============
2024-09-21 00:36:37 AM: INFO: Started Test_003_AddCustomer at: 21-09-2024 00:36:37
2024-09-21 00:47:27 AM: INFO: ============Test Case Started=============
2024-09-21 00:47:27 AM: INFO: Started Test_003_AddCustomer at: 21-09-2024 00:47:27
2024-09-21 00:47:46 AM: INFO: ============Test Case Started=============
2024-09-21 00:47:56 AM: INFO: Started Test_003_AddCustomer at: 21-09-2024 00:47:56
2024-09-21 00:50:29 AM: INFO: ============Test Case Started=============
2024-09-21 00:50:32 AM: INFO: Started Test_003_AddCustomer at: 21-09-2024 00:50:32
2024-09-21 00:59:21 AM: INFO: ============Test Case Started=============
2024-09-21 00:59:23 AM: INFO: Started Test_003_AddCustomer at: 21-09-2024 00:59:23
2024-09-21 01:00:53 AM: INFO: ============Test Case Started=============
2024-09-21 01:00:55 AM: INFO: Started Test_003_AddCustomer at: 21-09-2024 01:00:55
2024-09-21 01:01:17 AM: INFO: ============Test Case Started=============
2024-09-21 01:01:19 AM: INFO: Started Test_003_AddCustomer at: 21-09-2024 01:01:19
2024-09-21 01:13:20 AM: INFO: ============Test Case Started=============
2024-09-21 01:13:22 AM: INFO: Started Test_003_AddCustomer at: 21-09-2024 01:13:22
